<?xml version="1.0" encoding="utf-8"?>
<test-run id="2" name="Incapsulation.Failures.exe" fullname="C:/Projects/GitHub/c-sharp-designing/incapsulations-failurs/bin/Debug/Incapsulation.Failures.exe" testcasecount="3" result="Passed" start-time="2022-09-26 13:41:07Z" end-time="2022-09-26 13:41:07Z" duration="0.200368" total="3" passed="3" failed="0" inconclusive="0" skipped="0" asserts="3" random-seed="1724178295">
  <command-line><![CDATA[C:\Projects\GitHub\c-sharp-designing\incapsulations-failurs\bin\Debug\Incapsulation.Failures.exe]]></command-line>
  <filter />
  <test-suite type="Assembly" id="1004" name="Incapsulation.Failures.exe" fullname="C:/Projects/GitHub/c-sharp-designing/incapsulations-failurs/bin/Debug/Incapsulation.Failures.exe" runstate="Runnable" testcasecount="3" result="Passed" start-time="2022-09-26 13:41:07Z" end-time="2022-09-26 13:41:07Z" duration="0.200368" total="3" passed="3" failed="0" warnings="0" inconclusive="0" skipped="0" asserts="3">
    <environment framework-version="3.6.0.0" clr-version="4.0.30319.42000" os-version="Microsoft Windows NT 6.2.9200.0" platform="Win32NT" cwd="C:\Projects\GitHub\c-sharp-designing\incapsulations-failurs\bin\Debug" machine-name="ALVEN" user="ooonu" user-domain="ALVEN" culture="ru-RU" uiculture="ru-RU" os-architecture="x86" />
    <settings>
      <setting name="WorkDirectory" value="C:\Projects\GitHub\c-sharp-designing\incapsulations-failurs\bin\Debug" />
      <setting name="NumberOfTestWorkers" value="8" />
    </settings>
    <properties>
      <property name="_PID" value="18680" />
      <property name="_APPDOMAIN" value="Incapsulation.Failures.exe" />
    </properties>
    <test-suite type="TestSuite" id="1005" name="Incapsulation" fullname="Incapsulation" runstate="Runnable" testcasecount="3" result="Passed" start-time="2022-09-26 13:41:07Z" end-time="2022-09-26 13:41:07Z" duration="0.170001" total="3" passed="3" failed="0" warnings="0" inconclusive="0" skipped="0" asserts="3">
      <test-suite type="TestSuite" id="1006" name="Failures" fullname="Incapsulation.Failures" runstate="Runnable" testcasecount="3" result="Passed" start-time="2022-09-26 13:41:07Z" end-time="2022-09-26 13:41:07Z" duration="0.140150" total="3" passed="3" failed="0" warnings="0" inconclusive="0" skipped="0" asserts="3">
        <test-suite type="TestFixture" id="1000" name="ReportMaker_Tests" fullname="Incapsulation.Failures.ReportMaker_Tests" classname="Incapsulation.Failures.ReportMaker_Tests" runstate="Runnable" testcasecount="3" result="Passed" start-time="2022-09-26 13:41:07Z" end-time="2022-09-26 13:41:07Z" duration="0.110984" total="3" passed="3" failed="0" warnings="0" inconclusive="0" skipped="0" asserts="3">
          <test-case id="1003" name="FilterManyDevices" fullname="Incapsulation.Failures.ReportMaker_Tests.FilterManyDevices" methodname="FilterManyDevices" classname="Incapsulation.Failures.ReportMaker_Tests" runstate="Runnable" seed="1410870874" result="Passed" start-time="2022-09-26 13:41:07Z" end-time="2022-09-26 13:41:07Z" duration="0.016823" asserts="1" />
          <test-case id="1002" name="FilterSingleDevice" fullname="Incapsulation.Failures.ReportMaker_Tests.FilterSingleDevice" methodname="FilterSingleDevice" classname="Incapsulation.Failures.ReportMaker_Tests" runstate="Runnable" seed="277613842" result="Passed" start-time="2022-09-26 13:41:07Z" end-time="2022-09-26 13:41:07Z" duration="0.000963" asserts="1" />
          <test-case id="1001" name="NoDevices" fullname="Incapsulation.Failures.ReportMaker_Tests.NoDevices" methodname="NoDevices" classname="Incapsulation.Failures.ReportMaker_Tests" runstate="Runnable" seed="912427459" result="Passed" start-time="2022-09-26 13:41:07Z" end-time="2022-09-26 13:41:07Z" duration="0.001591" asserts="1" />
        </test-suite>
      </test-suite>
    </test-suite>
  </test-suite>
</test-run>